build/app/outputs/mapping/release/seeds.txt
com.istechsoft55.fillogo.MainActivity
com.istechsoft55.fillogo.MainActivity: MainActivity()
...
com.onesignal.session.internal.outcomes.impl.OutcomeEventParams: float getWeight()
com.onesignal.core.internal.backend.ParamsObject: java.lang.Boolean getDisableGMSMissingPrompt()
com.onesignal.common.modeling.Model: boolean getHasSubscribers()
androidx.window.embedding.ActivityStack: boolean isEmpty()
com.onesignal.user.internal.migrations.RecoverFromDroppedLoginBug: com.onesignal.user.internal.identity.IdentityModelStore access$get_identityModelStore$p(com.onesignal.user.internal.migrations.RecoverFromDroppedLoginBug)
com.onesignal.notifications.internal.display.impl.NotificationDisplayBuilder: void addCustomAlertButtons(org.json.JSONObject,java.util.List,java.util.List)
com.onesignal.inAppMessages.internal.InAppMessagesManager$onModelUpdated$2: java.lang.Object invoke(java.lang.Object)
com.onesignal.session.internal.influence.InfluenceChannel$Companion: InfluenceChannel$Companion()
com.google.android.exoplayer2.drm.DrmUtil$Api18: boolean isDeniedByServerException(java.lang.Throwable)
io.flutter.embedding.engine.renderer.FlutterRenderer$ImageReaderSurfaceProducer: int numTrims()
com.onesignal.location.internal.controller.impl.GmsLocationController$Companion: GmsLocationController$Companion()
com.google.android.gms.ads.mediation.customevent.CustomEventAdapter: void requestInterstitialAd(android.content.Context,com.google.android.gms.ads.mediation.MediationInterstitialListener,android.os.Bundle,com.google.android.gms.ads.mediation.MediationAdRequest,android.os.Bundle)
com.onesignal.internal.OneSignalImp: boolean getDisableGMSMissingPrompt()
com.onesignal.notifications.internal.open.impl.NotificationOpenedProcessor$processIntent$1: NotificationOpenedProcessor$processIntent$1(com.onesignal.notifications.internal.open.impl.NotificationOpenedProcessor,kotlin.coroutines.Continuation)
androidx.appcompat.widget.ActionBarOverlayLayout: void setHasNonEmbeddedTabs(boolean)
com.google.android.exoplayer2.analytics.PlayerId: PlayerId()
com.onesignal.session.internal.outcomes.impl.OutcomeEventsController: java.lang.Object sendSavedOutcomes(kotlin.coroutines.Continuation)
id.flutter.flutter_background_service.BackgroundService: void onCreate()
io.flutter.view.AccessibilityViewEmbedder: void setFlutterNodeParent(android.view.accessibility.AccessibilityNodeInfo,android.view.View,android.view.accessibility.AccessibilityNodeInfo)
androidx.work.impl.workers.ConstraintTrackingWorker: ConstraintTrackingWorker(android.content.Context,androidx.work.WorkerParameters)
io.flutter.embedding.engine.renderer.FlutterRenderer$ImageReaderSurfaceProducer: double deltaMillis(long)
com.onesignal.notifications.internal.registration.impl.PushRegistratorADM: PushRegistratorADM(com.onesignal.core.internal.application.IApplicationService)
androidx.window.layout.WindowInfoTracker: kotlinx.coroutines.flow.Flow windowLayoutInfo(android.app.Activity)
com.onesignal.notifications.internal.registration.impl.GooglePlayServicesUpgradePrompt: boolean isGooglePlayStoreInstalled()
com.onesignal.user.internal.operations.impl.listeners.SubscriptionModelStoreListener: com.onesignal.core.internal.operations.Operation getUpdateOperation(com.onesignal.user.internal.subscriptions.SubscriptionModel,java.lang.String,java.lang.String,java.lang.Object,java.lang.Object)
com.onesignal.session.internal.outcomes.impl.OutcomeEventParams: boolean isUnattributed()
com.onesignal.core.internal.preferences.impl.PreferencesService: java.util.Set getStringSet(java.lang.String,java.lang.String,java.util.Set)
com.onesignal.common.services.ServiceProvider: java.util.List getAllServices$com_onesignal_core()
com.onesignal.notifications.internal.Notification: java.lang.String getSound()
com.onesignal.user.internal.subscriptions.ISubscriptionManager: void unsubscribe(java.lang.Object)
com.onesignal.user.internal.subscriptions.impl.SubscriptionManager: void onModelUpdated(com.onesignal.common.modeling.ModelChangedArgs,java.lang.String)