build/app/outputs/mapping/release/usage.txt
com.istechsoft55.fillogo.BuildConfig
com.istechsoft55.fillogo.R$anim
com.istechsoft55.fillogo.R$animator
com.istechsoft55.fillogo.R$attr
com.istechsoft55.fillogo.R$bool
com.istechsoft55.fillogo.R$color
com.istechsoft55.fillogo.R$dimen
com.istechsoft55.fillogo.R$drawable
com.istechsoft55.fillogo.R$id
com.istechsoft55.fillogo.R$integer
com.istechsoft55.fillogo.R$interpolator
com.istechsoft55.fillogo.R$layout
com.istechsoft55.fillogo.R$menu
com.istechsoft55.fillogo.R$mipmap
com.istechsoft55.fillogo.R$raw
com.istechsoft55.fillogo.R$string
com.istechsoft55.fillogo.R$style
com.istechsoft55.fillogo.R$styleable
com.istechsoft55.fillogo.R$xml
com.istechsoft55.fillogo.R
...
androidx.work.impl.RescheduleMigration:
    public final android.content.Context getMContext()
androidx.work.impl.Scheduler:
    public static final int MAX_GREEDY_SCHEDULER_LIMIT
    public static final int MAX_SCHEDULER_LIMIT
androidx.work.impl.Schedulers:
    public static final java.lang.String GCM_SCHEDULER
    private void <init>()
androidx.work.impl.StartStopTokens:
    public final androidx.work.impl.StartStopToken remove(androidx.work.impl.model.WorkSpec)
androidx.work.impl.WorkContinuationImpl:
    protected androidx.work.WorkContinuation combineInternal(java.util.List)
    public java.util.List getAllIds()
    public com.google.common.util.concurrent.ListenableFuture getWorkInfos()
    public androidx.lifecycle.LiveData getWorkInfosLiveData()
    public androidx.work.WorkContinuation then(java.util.List)
androidx.work.impl.WorkDatabase:
    public abstract androidx.work.impl.model.RawWorkInfoDao rawWorkInfoDao()
androidx.work.impl.WorkDatabaseKt:
    private static final java.lang.String PRUNE_SQL_FORMAT_PREFIX
    private static final java.lang.String PRUNE_SQL_FORMAT_SUFFIX
androidx.work.impl.WorkDatabaseMigrationsKt
androidx.work.impl.WorkDatabasePathHelperKt:
    public static final java.lang.String WORK_DATABASE_NAME
androidx.work.impl.WorkDatabaseVersions
androidx.work.impl.WorkDatabase_Impl:
    private volatile androidx.work.impl.model.RawWorkInfoDao _rawWorkInfoDao
    public void clearAllTables()
    public androidx.work.impl.model.RawWorkInfoDao rawWorkInfoDao()
androidx.work.impl.WorkManagerImpl$1
androidx.work.impl.WorkManagerImpl$2
androidx.work.impl.WorkManagerImpl$Api24Impl:
    private void <init>()
androidx.work.impl.WorkManagerImpl:
    public static final int MAX_PRE_JOB_SCHEDULER_API_LEVEL
    public static final int MIN_JOB_SCHEDULER_API_LEVEL
    public static final java.lang.String REMOTE_WORK_MANAGER_CLIENT
    private volatile androidx.work.multiprocess.RemoteWorkManager mRemoteWorkManager
    public void <init>(android.content.Context,androidx.work.Configuration,androidx.work.impl.utils.taskexecutor.TaskExecutor,androidx.work.impl.WorkDatabase,java.util.List,androidx.work.impl.Processor)
    public void <init>(android.content.Context,androidx.work.Configuration,androidx.work.impl.utils.taskexecutor.TaskExecutor,androidx.work.impl.WorkDatabase,java.util.List,androidx.work.impl.Processor,androidx.work.impl.constraints.trackers.Trackers)
    public androidx.work.WorkContinuation beginUniqueWork(java.lang.String,androidx.work.ExistingWorkPolicy,java.util.List)
    public androidx.work.WorkContinuation beginWith(java.util.List)
    public androidx.work.Operation cancelAllWork()
    public androidx.work.Operation cancelUniqueWork(java.lang.String)
    public android.app.PendingIntent createCancelPendingIntent(java.util.UUID)
    public androidx.work.impl.WorkContinuationImpl createWorkContinuationForUniquePeriodicWork(java.lang.String,androidx.work.ExistingPeriodicWorkPolicy,androidx.work.PeriodicWorkRequest)
    public androidx.work.Operation enqueueUniquePeriodicWork(java.lang.String,androidx.work.ExistingPeriodicWorkPolicy,androidx.work.PeriodicWorkRequest)
androidx.work.impl.WorkRequestHolder
androidx.work.impl.WorkerUpdater$enqueueUniquelyNamedPeriodic$enqueueNew$1
androidx.work.impl.WorkerUpdater$updateWorkImpl$type$1
androidx.work.impl.WorkerUpdater
androidx.work.impl.WorkerWrapper$Builder:
    public androidx.work.impl.WorkerWrapper$Builder withWorker(androidx.work.ListenableWorker)
androidx.work.impl.background.greedy.GreedyScheduler:
    public void <init>(android.content.Context,androidx.work.impl.WorkManagerImpl,androidx.work.impl.constraints.WorkConstraintsTracker)
    public void setDelayedWorkTracker(androidx.work.impl.background.greedy.DelayedWorkTracker)
androidx.work.impl.background.package-info
androidx.work.impl.background.systemalarm.Alarms$Api19Impl:
    private void <init>()
androidx.work.impl.background.systemalarm.Alarms:
    private void <init>()